# JRE version: OpenJDK Runtime Environment (11.0.4+11) (build 11.0.4+11-post-Ubuntu-1ubuntu218.04.3)
# Java VM: OpenJDK 64-Bit Server VM (11.0.4+11-post-Ubuntu-1ubuntu218.04.3, mixed mode, sharing, tiered, compressed oops, g1 gc, linux-amd64)
Heap:
 garbage-first heap   total 484352K, used 56932K [0x0000000707000000, 0x0000000800000000)
  region size 1024K, 2 young (2048K), 2 survivors (2048K)
 Metaspace       used 49159K, capacity 50121K, committed 50480K, reserved 1093632K
  class space    used 6694K, capacity 6994K, committed 7040K, reserved 1048576K
GC Heap History (10 events):
Event: 115.664 GC heap after
{Heap after GC invocations=25 (full 0):
 garbage-first heap   total 310272K, used 33722K [0x0000000707000000, 0x0000000800000000)
  region size 1024K, 5 young (5120K), 5 survivors (5120K)
 Metaspace       used 48976K, capacity 49874K, committed 50224K, reserved 1093632K
  class space    used 6688K, capacity 6985K, committed 7040K, reserved 1048576K
}
Event: 116.045 GC heap before
{Heap before GC invocations=25 (full 0):
 garbage-first heap   total 310272K, used 42938K [0x0000000707000000, 0x0000000800000000)
  region size 1024K, 15 young (15360K), 5 survivors (5120K)
 Metaspace       used 48977K, capacity 49874K, committed 50224K, reserved 1093632K
  class space    used 6688K, capacity 6985K, committed 7040K, reserved 1048576K
}
Event: 116.088 GC heap after
{Heap after GC invocations=26 (full 0):
 garbage-first heap   total 310272K, used 34816K [0x0000000707000000, 0x0000000800000000)
  region size 1024K, 2 young (2048K), 2 survivors (2048K)
 Metaspace       used 48977K, capacity 49874K, committed 50224K, reserved 1093632K
  class space    used 6688K, capacity 6985K, committed 7040K, reserved 1048576K
}
Event: 117.462 GC heap before
{Heap before GC invocations=26 (full 0):
 garbage-first heap   total 310272K, used 48128K [0x0000000707000000, 0x0000000800000000)
  region size 1024K, 15 young (15360K), 2 survivors (2048K)
 Metaspace       used 48987K, capacity 49874K, committed 50224K, reserved 1093632K
  class space    used 6688K, capacity 6985K, committed 7040K, reserved 1048576K
}
Event: 117.464 GC heap after
{Heap after GC invocations=27 (full 0):
 garbage-first heap   total 310272K, used 34652K [0x0000000707000000, 0x0000000800000000)
  region size 1024K, 1 young (1024K), 1 survivors (1024K)
 Metaspace       used 48987K, capacity 49874K, committed 50224K, reserved 1093632K
  class space    used 6688K, capacity 6985K, committed 7040K, reserved 1048576K
}
Event: 131.517 GC heap before
{Heap before GC invocations=27 (full 0):
 garbage-first heap   total 310272K, used 181084K [0x0000000707000000, 0x0000000800000000)
  region size 1024K, 144 young (147456K), 1 survivors (1024K)
 Metaspace       used 49060K, capacity 49938K, committed 50224K, reserved 1093632K
  class space    used 6688K, capacity 6985K, committed 7040K, reserved 1048576K
}
Event: 131.787 GC heap after
{Heap after GC invocations=28 (full 0):
 garbage-first heap   total 310272K, used 39147K [0x0000000707000000, 0x0000000800000000)
  region size 1024K, 6 young (6144K), 6 survivors (6144K)
 Metaspace       used 49060K, capacity 49938K, committed 50224K, reserved 1093632K
  class space    used 6688K, capacity 6985K, committed 7040K, reserved 1048576K
}
Event: 133.279 GC heap before
{Heap before GC invocations=28 (full 0):
 garbage-first heap   total 310272K, used 255211K [0x0000000707000000, 0x0000000800000000)
  region size 1024K, 155 young (158720K), 6 survivors (6144K)
 Metaspace       used 49141K, capacity 50051K, committed 50224K, reserved 1093632K
  class space    used 6694K, capacity 6993K, committed 7040K, reserved 1048576K
}
Event: 134.165 GC heap after
{Heap after GC invocations=29 (full 0):
 garbage-first heap   total 310272K, used 57536K [0x0000000707000000, 0x0000000800000000)
  region size 1024K, 7 young (7168K), 7 survivors (7168K)
 Metaspace       used 49141K, capacity 50051K, committed 50224K, reserved 1093632K
  class space    used 6694K, capacity 6993K, committed 7040K, reserved 1048576K
}
Event: 134.291 GC heap before
{Heap before GC invocations=29 (full 0):
 garbage-first heap   total 310272K, used 73920K [0x0000000707000000, 0x0000000800000000)
  region size 1024K, 15 young (15360K), 7 survivors (7168K)
 Metaspace       used 49159K, capacity 50121K, committed 50480K, reserved 1093632K
  class space    used 6694K, capacity 6994K, committed 7040K, reserved 1048576K
}

