# JRE version: OpenJDK Runtime Environment (11.0.4+11) (build 11.0.4+11-post-Ubuntu-1ubuntu218.04.3)
# Java VM: OpenJDK 64-Bit Server VM (11.0.4+11-post-Ubuntu-1ubuntu218.04.3, mixed mode, sharing, tiered, compressed oops, g1 gc, linux-amd64)
Heap:
 garbage-first heap   total 459776K, used 31447K [0x0000000707000000, 0x0000000800000000)
  region size 1024K, 1 young (1024K), 1 survivors (1024K)
 Metaspace       used 49473K, capacity 50433K, committed 50560K, reserved 1093632K
  class space    used 6692K, capacity 7003K, committed 7040K, reserved 1048576K
GC Heap History (10 events):
Event: 130.113 GC heap after
{Heap after GC invocations=18 (full 0):
 garbage-first heap   total 258048K, used 26674K [0x0000000707000000, 0x0000000800000000)
  region size 1024K, 2 young (2048K), 2 survivors (2048K)
 Metaspace       used 49417K, capacity 50369K, committed 50560K, reserved 1093632K
  class space    used 6692K, capacity 7003K, committed 7040K, reserved 1048576K
}
Event: 130.305 GC heap before
{Heap before GC invocations=18 (full 0):
 garbage-first heap   total 258048K, used 36914K [0x0000000707000000, 0x0000000800000000)
  region size 1024K, 12 young (12288K), 2 survivors (2048K)
 Metaspace       used 49417K, capacity 50369K, committed 50560K, reserved 1093632K
  class space    used 6692K, capacity 7003K, committed 7040K, reserved 1048576K
}
Event: 130.308 GC heap after
{Heap after GC invocations=19 (full 0):
 garbage-first heap   total 258048K, used 26220K [0x0000000707000000, 0x0000000800000000)
  region size 1024K, 1 young (1024K), 1 survivors (1024K)
 Metaspace       used 49417K, capacity 50369K, committed 50560K, reserved 1093632K
  class space    used 6692K, capacity 7003K, committed 7040K, reserved 1048576K
}
Event: 130.686 GC heap before
{Heap before GC invocations=19 (full 0):
 garbage-first heap   total 258048K, used 37484K [0x0000000707000000, 0x0000000800000000)
  region size 1024K, 12 young (12288K), 1 survivors (1024K)
 Metaspace       used 49417K, capacity 50369K, committed 50560K, reserved 1093632K
  class space    used 6692K, capacity 7003K, committed 7040K, reserved 1048576K
}
Event: 130.688 GC heap after
{Heap after GC invocations=20 (full 0):
 garbage-first heap   total 258048K, used 26750K [0x0000000707000000, 0x0000000800000000)
  region size 1024K, 2 young (2048K), 2 survivors (2048K)
 Metaspace       used 49417K, capacity 50369K, committed 50560K, reserved 1093632K
  class space    used 6692K, capacity 7003K, committed 7040K, reserved 1048576K
}
Event: 131.311 GC heap before
{Heap before GC invocations=20 (full 0):
 garbage-first heap   total 258048K, used 35966K [0x0000000707000000, 0x0000000800000000)
  region size 1024K, 12 young (12288K), 2 survivors (2048K)
 Metaspace       used 49417K, capacity 50369K, committed 50560K, reserved 1093632K
  class space    used 6692K, capacity 7003K, committed 7040K, reserved 1048576K
}
Event: 131.495 GC heap after
{Heap after GC invocations=21 (full 0):
 garbage-first heap   total 258048K, used 26818K [0x0000000707000000, 0x0000000800000000)
  region size 1024K, 2 young (2048K), 2 survivors (2048K)
 Metaspace       used 49417K, capacity 50369K, committed 50560K, reserved 1093632K
  class space    used 6692K, capacity 7003K, committed 7040K, reserved 1048576K
}
Event: 147.627 GC heap before
{Heap before GC invocations=21 (full 0):
 garbage-first heap   total 258048K, used 164034K [0x0000000707000000, 0x0000000800000000)
  region size 1024K, 132 young (135168K), 2 survivors (2048K)
 Metaspace       used 49473K, capacity 50433K, committed 50560K, reserved 1093632K
  class space    used 6692K, capacity 7003K, committed 7040K, reserved 1048576K
}
Event: 149.463 GC heap after
{Heap after GC invocations=22 (full 0):
 garbage-first heap   total 258048K, used 35900K [0x0000000707000000, 0x0000000800000000)
  region size 1024K, 6 young (6144K), 6 survivors (6144K)
 Metaspace       used 49473K, capacity 50433K, committed 50560K, reserved 1093632K
  class space    used 6692K, capacity 7003K, committed 7040K, reserved 1048576K
}
Event: 149.903 GC heap before
{Heap before GC invocations=22 (full 0):
 garbage-first heap   total 258048K, used 41020K [0x0000000707000000, 0x0000000800000000)
  region size 1024K, 12 young (12288K), 6 survivors (6144K)
 Metaspace       used 49473K, capacity 50433K, committed 50560K, reserved 1093632K
  class space    used 6692K, capacity 7003K, committed 7040K, reserved 1048576K
}

